INFO  04:23:32 Application started. Press Ctrl+C to shut down.
INFO  04:23:32 Hosting environment: Development
INFO  04:23:32 Content root path: G:\suyash_docs\Cognizant - JrFSE - IIHT\TweetApp_Repo\com.tweetapp
WARN  04:23:32 Failed to determine the https port for redirect.
WARN  04:23:32 Failed to determine the https port for redirect.
INFO  04:23:34 User Info is retreived
INFO  04:23:34 Token Is Generated!
INFO  04:23:35 Login initiated!
ERROR 04:23:48 An unhandled exception has occurred while executing the request.
System.InvalidOperationException: Unable to resolve service for type 'com.tweetapp.Services.ITweetService' while attempting to activate 'com.tweetapp.Controllers.TweetController'.
   at Microsoft.Extensions.DependencyInjection.ActivatorUtilities.GetService(IServiceProvider sp, Type type, Type requiredBy, Boolean isDefaultParameterRequired)
   at lambda_method(Closure , IServiceProvider , Object[] )
   at Microsoft.AspNetCore.Mvc.Controllers.ControllerActivatorProvider.<>c__DisplayClass4_0.<CreateActivator>b__0(ControllerContext controllerContext)
   at Microsoft.AspNetCore.Mvc.Controllers.ControllerFactoryProvider.<>c__DisplayClass5_0.<CreateControllerFactory>g__CreateController|0(ControllerContext controllerContext)
   at Microsoft.AspNetCore.Mvc.Infrastructure.ControllerActionInvoker.Next(State& next, Scope& scope, Object& state, Boolean& isCompleted)
   at Microsoft.AspNetCore.Mvc.Infrastructure.ControllerActionInvoker.InvokeInnerFilterAsync()
--- End of stack trace from previous location where exception was thrown ---
   at Microsoft.AspNetCore.Mvc.Infrastructure.ResourceInvoker.<InvokeFilterPipelineAsync>g__Awaited|19_0(ResourceInvoker invoker, Task lastTask, State next, Scope scope, Object state, Boolean isCompleted)
   at Microsoft.AspNetCore.Mvc.Infrastructure.ResourceInvoker.<InvokeAsync>g__Awaited|17_0(ResourceInvoker invoker, Task task, IDisposable scope)
   at Microsoft.AspNetCore.Routing.EndpointMiddleware.<Invoke>g__AwaitRequestTask|6_0(Endpoint endpoint, Task requestTask, ILogger logger)
   at Microsoft.AspNetCore.Authorization.AuthorizationMiddleware.Invoke(HttpContext context)
   at Microsoft.AspNetCore.Authentication.AuthenticationMiddleware.Invoke(HttpContext context)
   at Swashbuckle.AspNetCore.SwaggerUI.SwaggerUIMiddleware.Invoke(HttpContext httpContext)
   at Swashbuckle.AspNetCore.Swagger.SwaggerMiddleware.Invoke(HttpContext httpContext, ISwaggerProvider swaggerProvider)
   at Microsoft.AspNetCore.Diagnostics.DeveloperExceptionPageMiddleware.Invoke(HttpContext context)
INFO  04:25:29 Application started. Press Ctrl+C to shut down.
INFO  04:25:29 Hosting environment: Development
INFO  04:25:29 Content root path: G:\suyash_docs\Cognizant - JrFSE - IIHT\TweetApp_Repo\com.tweetapp
WARN  04:25:29 Failed to determine the https port for redirect.
WARN  04:25:29 Failed to determine the https port for redirect.
INFO  04:25:32 User Info is retreived
INFO  04:25:32 Token Is Generated!
INFO  04:25:33 Login initiated!
INFO  04:39:27 Application started. Press Ctrl+C to shut down.
INFO  04:39:27 Hosting environment: Development
INFO  04:39:27 Content root path: G:\suyash_docs\Cognizant - JrFSE - IIHT\TweetApp_Repo\com.tweetapp
WARN  04:39:27 Failed to determine the https port for redirect.
WARN  04:39:27 Failed to determine the https port for redirect.
INFO  04:42:34 Missing type map configuration or unsupported mapping.

Mapping types:
CreateTweetDto -> Tweets
com.tweetapp.Models.Dtos.TweetDto.CreateTweetDto -> com.tweetapp.Models.Tweets
INFO  04:42:45 Missing type map configuration or unsupported mapping.

Mapping types:
CreateTweetDto -> Tweets
com.tweetapp.Models.Dtos.TweetDto.CreateTweetDto -> com.tweetapp.Models.Tweets
INFO  04:50:20 Application started. Press Ctrl+C to shut down.
INFO  04:50:20 Hosting environment: Development
INFO  04:50:20 Content root path: G:\suyash_docs\Cognizant - JrFSE - IIHT\TweetApp_Repo\com.tweetapp
WARN  04:50:20 Failed to determine the https port for redirect.
WARN  04:50:20 Failed to determine the https port for redirect.
INFO  04:52:11 User Info is retreived
INFO  04:52:11 Token Is Generated!
INFO  04:52:11 Login initiated!
INFO  04:52:51 User Info is retreived
INFO  04:52:51 Token Is Generated!
INFO  04:52:51 Login initiated!
INFO  04:56:32 Application started. Press Ctrl+C to shut down.
INFO  04:56:33 Hosting environment: Development
INFO  04:56:33 Content root path: G:\suyash_docs\Cognizant - JrFSE - IIHT\TweetApp_Repo\com.tweetapp
WARN  04:56:33 Failed to determine the https port for redirect.
WARN  04:56:33 Failed to determine the https port for redirect.
INFO  04:57:04 User Info is retreived
INFO  04:57:04 Token Is Generated!
INFO  04:57:04 Login initiated!
INFO  05:02:14 Application started. Press Ctrl+C to shut down.
INFO  05:02:14 Hosting environment: Development
INFO  05:02:14 Content root path: G:\suyash_docs\Cognizant - JrFSE - IIHT\TweetApp_Repo\com.tweetapp
WARN  05:02:14 Failed to determine the https port for redirect.
WARN  05:02:14 Failed to determine the https port for redirect.
INFO  05:02:39 User Info is retreived
INFO  05:02:39 Token Is Generated!
INFO  05:02:39 Login initiated!
INFO  05:03:19 User Info is retreived
INFO  05:03:19 Token Is Generated!
INFO  05:03:19 Login initiated!
INFO  05:08:59 Application started. Press Ctrl+C to shut down.
INFO  05:08:59 Hosting environment: Development
INFO  05:08:59 Content root path: G:\suyash_docs\Cognizant - JrFSE - IIHT\TweetApp_Repo\com.tweetapp
WARN  05:08:59 Failed to determine the https port for redirect.
WARN  05:08:59 Failed to determine the https port for redirect.
INFO  05:09:25 User Info is retreived
INFO  05:09:25 Token Is Generated!
INFO  05:09:26 Login initiated!
INFO  05:10:22 Missing type map configuration or unsupported mapping.

Mapping types:
CreateTweetDto -> Tweets
com.tweetapp.Models.Dtos.TweetDto.CreateTweetDto -> com.tweetapp.Models.Tweets
INFO  05:11:24 Missing type map configuration or unsupported mapping.

Mapping types:
CreateTweetDto -> Tweets
com.tweetapp.Models.Dtos.TweetDto.CreateTweetDto -> com.tweetapp.Models.Tweets
INFO  05:11:31 Missing type map configuration or unsupported mapping.

Mapping types:
CreateTweetDto -> Tweets
com.tweetapp.Models.Dtos.TweetDto.CreateTweetDto -> com.tweetapp.Models.Tweets
INFO  05:11:35 Missing type map configuration or unsupported mapping.

Mapping types:
CreateTweetDto -> Tweets
com.tweetapp.Models.Dtos.TweetDto.CreateTweetDto -> com.tweetapp.Models.Tweets
INFO  05:12:33 Missing type map configuration or unsupported mapping.

Mapping types:
CreateTweetDto -> Tweets
com.tweetapp.Models.Dtos.TweetDto.CreateTweetDto -> com.tweetapp.Models.Tweets
INFO  05:16:12 Application started. Press Ctrl+C to shut down.
INFO  05:16:12 Hosting environment: Development
INFO  05:16:12 Content root path: G:\suyash_docs\Cognizant - JrFSE - IIHT\TweetApp_Repo\com.tweetapp
WARN  05:16:12 Failed to determine the https port for redirect.
WARN  05:16:12 Failed to determine the https port for redirect.
INFO  05:16:34 User Info is retreived
INFO  05:16:34 Token Is Generated!
INFO  05:16:34 Login initiated!
INFO  05:20:36 Application started. Press Ctrl+C to shut down.
INFO  05:20:36 Hosting environment: Development
INFO  05:20:36 Content root path: G:\suyash_docs\Cognizant - JrFSE - IIHT\TweetApp_Repo\com.tweetapp
WARN  05:20:36 Failed to determine the https port for redirect.
WARN  05:20:36 Failed to determine the https port for redirect.
INFO  05:20:50 User Info is retreived
INFO  05:20:50 Token Is Generated!
INFO  05:20:50 Login initiated!
